2025-01-29 12:09:23.0899 [WARNING] Your asset UnityEngine.Material at 'Assets/TextMesh Pro/Resources/Fonts & Materials/LiberationSans SDF.asset'[1] conflicts with the server version and will not sync.
2025-01-29 12:09:23.5165 [WARNING] Unable to load UnityEngine.Sprite at 'Assets/Textures/MainMenuImage.png'[1].
2025-01-29 12:09:23.5327 [WARNING] Cannot determine type of asset Assets/Prefabs/YOU.prefab. Trying UnityEngine.Object
2025-01-29 12:09:23.5327 [WARNING] Unable to load Look at 'Assets/Prefabs/YOU.prefab'[4].
2025-01-29 12:09:23.5500 [WARNING] Error adding component '#MainMenu': Could not find type 'MainMenu'.
2025-01-29 12:09:23.5513 [WARNING] Unable to load component 'MainMenu'.
2025-01-29 12:09:23.5544 [WARNING] Unable to load prefab 'Assets/Prefabs/Cursor.prefab'.
2025-01-29 12:09:23.5544 [WARNING] Error adding component '#EventOnClick': Could not find type 'EventOnClick'.
2025-01-29 12:09:23.5544 [WARNING] Unable to load component 'EventOnClick'.
2025-01-29 12:10:41.7633 [WARNING] Unable to create stand-in library asset for UnityEngine.Sprite at 'Assets/Textures/MainMenuImage.png'[1]. Offline missing asset replacement will not work for this asset.
2025-01-29 12:10:41.7663 [WARNING] Unable to create stand-in library asset for Look at 'Assets/Prefabs/YOU.prefab'[4]. Offline missing asset replacement will not work for this asset.
2025-01-29 12:10:43.9584 [WARNING] Cursor has missing component 'EventOnClick'.
2025-01-29 12:10:43.9650 [WARNING] Cursor has missing prefab 'Assets/Prefabs/Cursor.prefab'.
2025-01-29 12:10:43.9660 [WARNING] Canvas has missing component 'MainMenu'.
2025-01-29 12:10:55.9358 [WARNING] Your asset UnityEngine.Material at 'Assets/TextMesh Pro/Resources/Fonts & Materials/LiberationSans SDF.asset'[1] conflicts with the server version and will not sync.
2025-01-29 12:10:56.0482 [WARNING] Unable to load UnityEngine.Sprite at 'Assets/Textures/MainMenuImage.png'[1].
2025-01-29 12:10:56.0649 [WARNING] Cannot determine type of asset Assets/Prefabs/YOU.prefab. Trying UnityEngine.Object
2025-01-29 12:10:56.0649 [WARNING] Unable to load Look at 'Assets/Prefabs/YOU.prefab'[4].
2025-01-29 12:10:56.0801 [WARNING] Error adding component '#MainMenu': Could not find type 'MainMenu'.
2025-01-29 12:10:56.0816 [WARNING] Unable to load component 'MainMenu'.
2025-01-29 12:10:56.0831 [WARNING] Unable to load prefab 'Assets/Prefabs/Cursor.prefab'.
2025-01-29 12:10:56.0831 [WARNING] Error adding component '#EventOnClick': Could not find type 'EventOnClick'.
2025-01-29 12:10:56.0831 [WARNING] Unable to load component 'EventOnClick'.
2025-01-29 12:18:16.3554 [WARNING] Destroying duplicate sfGuidList in scene Menu
2025-01-29 12:18:16.6280 [WARNING] Error adding component '#EventOnClick': Could not find type 'EventOnClick'.
2025-01-29 12:18:16.6498 [WARNING] Error adding component '#MainMenu': Could not find type 'MainMenu'.
2025-01-29 12:18:17.9751 [WARNING] Destroying duplicate sfGuidList in scene Menu
2025-01-29 12:18:18.3222 [WARNING] Error adding component '#EventOnClick': Could not find type 'EventOnClick'.
2025-01-29 12:18:18.3533 [WARNING] Error adding component '#MainMenu': Could not find type 'MainMenu'.
2025-01-29 12:18:19.6960 [WARNING] Destroying duplicate sfGuidList in scene Menu
2025-01-29 12:18:20.0210 [WARNING] Error adding component '#EventOnClick': Could not find type 'EventOnClick'.
2025-01-29 12:18:20.0408 [WARNING] Error adding component '#MainMenu': Could not find type 'MainMenu'.
2025-01-29 12:18:21.4662 [WARNING] Destroying duplicate sfGuidList in scene Menu
2025-01-29 12:18:21.8920 [WARNING] Error adding component '#EventOnClick': Could not find type 'EventOnClick'.
2025-01-29 12:18:21.9229 [WARNING] Error adding component '#MainMenu': Could not find type 'MainMenu'.
2025-01-29 12:18:23.8221 [WARNING] Destroying duplicate sfGuidList in scene Menu
2025-01-29 12:18:24.2287 [WARNING] Error adding component '#EventOnClick': Could not find type 'EventOnClick'.
2025-01-29 12:18:24.2502 [WARNING] Error adding component '#MainMenu': Could not find type 'MainMenu'.
2025-01-29 12:18:26.2061 [WARNING] Destroying duplicate sfGuidList in scene Menu
2025-01-29 12:18:26.6266 [WARNING] Error adding component '#EventOnClick': Could not find type 'EventOnClick'.
2025-01-29 12:18:26.6452 [WARNING] Error adding component '#MainMenu': Could not find type 'MainMenu'.
2025-01-29 12:18:28.8551 [WARNING] Destroying duplicate sfGuidList in scene Menu
2025-01-29 12:18:29.3214 [WARNING] Error adding component '#EventOnClick': Could not find type 'EventOnClick'.
2025-01-29 12:18:29.3426 [WARNING] Error adding component '#MainMenu': Could not find type 'MainMenu'.
2025-01-29 12:18:31.5088 [WARNING] Destroying duplicate sfGuidList in scene Menu
2025-01-29 12:18:31.9746 [WARNING] Error adding component '#EventOnClick': Could not find type 'EventOnClick'.
2025-01-29 12:18:31.9942 [WARNING] Error adding component '#MainMenu': Could not find type 'MainMenu'.
2025-01-29 12:18:34.3249 [WARNING] Destroying duplicate sfGuidList in scene Menu
2025-01-29 12:18:34.8389 [WARNING] Error adding component '#EventOnClick': Could not find type 'EventOnClick'.
2025-01-29 12:18:34.8600 [WARNING] Error adding component '#MainMenu': Could not find type 'MainMenu'.
2025-01-29 12:18:37.1618 [WARNING] Destroying duplicate sfGuidList in scene Menu
2025-01-29 12:18:37.6827 [WARNING] Error adding component '#EventOnClick': Could not find type 'EventOnClick'.
2025-01-29 12:18:37.7014 [WARNING] Error adding component '#MainMenu': Could not find type 'MainMenu'.
2025-01-29 12:18:40.1313 [WARNING] Destroying duplicate sfGuidList in scene Menu
2025-01-29 12:18:40.9084 [WARNING] Error adding component '#EventOnClick': Could not find type 'EventOnClick'.
2025-01-29 12:18:40.9352 [WARNING] Error adding component '#MainMenu': Could not find type 'MainMenu'.
2025-01-29 12:18:43.8249 [WARNING] Destroying duplicate sfGuidList in scene Menu
2025-01-29 12:18:44.4005 [WARNING] Error adding component '#EventOnClick': Could not find type 'EventOnClick'.
2025-01-29 12:18:44.4207 [WARNING] Error adding component '#MainMenu': Could not find type 'MainMenu'.
2025-01-29 12:18:47.0162 [WARNING] Destroying duplicate sfGuidList in scene Menu
2025-01-29 12:18:47.6306 [WARNING] Error adding component '#EventOnClick': Could not find type 'EventOnClick'.
2025-01-29 12:18:47.6509 [WARNING] Error adding component '#MainMenu': Could not find type 'MainMenu'.
2025-01-29 12:18:50.4503 [WARNING] Destroying duplicate sfGuidList in scene Menu
2025-01-29 12:18:51.0765 [WARNING] Error adding component '#EventOnClick': Could not find type 'EventOnClick'.
2025-01-29 12:18:51.0959 [WARNING] Error adding component '#MainMenu': Could not find type 'MainMenu'.
2025-01-29 12:18:53.8301 [WARNING] Destroying duplicate sfGuidList in scene Menu
2025-01-29 12:18:54.4947 [WARNING] Error adding component '#EventOnClick': Could not find type 'EventOnClick'.
2025-01-29 12:18:54.5154 [WARNING] Error adding component '#MainMenu': Could not find type 'MainMenu'.
2025-01-29 12:18:57.4196 [WARNING] Destroying duplicate sfGuidList in scene Menu
2025-01-29 12:18:58.0963 [WARNING] Error adding component '#EventOnClick': Could not find type 'EventOnClick'.
2025-01-29 12:18:58.1160 [WARNING] Error adding component '#MainMenu': Could not find type 'MainMenu'.
2025-01-29 12:19:00.9815 [WARNING] Destroying duplicate sfGuidList in scene Menu
2025-01-29 12:19:01.9920 [WARNING] Error adding component '#EventOnClick': Could not find type 'EventOnClick'.
2025-01-29 12:19:02.0127 [WARNING] Error adding component '#MainMenu': Could not find type 'MainMenu'.
2025-01-29 12:19:06.3594 [WARNING] Destroying duplicate sfGuidList in scene Menu
2025-01-29 12:19:07.1000 [WARNING] Error adding component '#EventOnClick': Could not find type 'EventOnClick'.
2025-01-29 12:19:07.1207 [WARNING] Error adding component '#MainMenu': Could not find type 'MainMenu'.
2025-01-29 12:19:10.2154 [WARNING] Destroying duplicate sfGuidList in scene Menu
2025-01-29 12:19:10.9802 [WARNING] Error adding component '#EventOnClick': Could not find type 'EventOnClick'.
2025-01-29 12:19:11.0011 [WARNING] Error adding component '#MainMenu': Could not find type 'MainMenu'.
2025-01-29 12:19:13.9943 [WARNING] Destroying duplicate sfGuidList in scene Menu
2025-01-29 12:19:14.7777 [WARNING] Error adding component '#EventOnClick': Could not find type 'EventOnClick'.
2025-01-29 12:19:14.7969 [WARNING] Error adding component '#MainMenu': Could not find type 'MainMenu'.
2025-01-29 12:19:17.8700 [WARNING] Destroying duplicate sfGuidList in scene Menu
2025-01-29 12:19:18.6902 [WARNING] Error adding component '#EventOnClick': Could not find type 'EventOnClick'.
2025-01-29 12:19:18.7129 [WARNING] Error adding component '#MainMenu': Could not find type 'MainMenu'.
2025-01-29 12:19:22.2509 [WARNING] Destroying duplicate sfGuidList in scene Menu
2025-01-29 12:19:23.1169 [WARNING] Error adding component '#EventOnClick': Could not find type 'EventOnClick'.
2025-01-29 12:19:23.1380 [WARNING] Error adding component '#MainMenu': Could not find type 'MainMenu'.
2025-01-29 12:19:26.4409 [WARNING] Destroying duplicate sfGuidList in scene Menu
2025-01-29 12:19:27.2988 [WARNING] Error adding component '#EventOnClick': Could not find type 'EventOnClick'.
2025-01-29 12:19:27.3192 [WARNING] Error adding component '#MainMenu': Could not find type 'MainMenu'.
2025-01-29 12:19:30.6713 [WARNING] Destroying duplicate sfGuidList in scene Menu
2025-01-29 12:19:31.9844 [WARNING] Error adding component '#EventOnClick': Could not find type 'EventOnClick'.
2025-01-29 12:19:32.0052 [WARNING] Error adding component '#MainMenu': Could not find type 'MainMenu'.
2025-01-29 12:19:35.6642 [WARNING] Destroying duplicate sfGuidList in scene Menu
2025-01-29 12:19:36.6489 [WARNING] Error adding component '#EventOnClick': Could not find type 'EventOnClick'.
2025-01-29 12:19:36.6697 [WARNING] Error adding component '#MainMenu': Could not find type 'MainMenu'.
2025-01-29 12:19:40.3051 [WARNING] Destroying duplicate sfGuidList in scene Menu
2025-01-29 12:19:41.2965 [WARNING] Error adding component '#EventOnClick': Could not find type 'EventOnClick'.
2025-01-29 12:19:41.3172 [WARNING] Error adding component '#MainMenu': Could not find type 'MainMenu'.
2025-01-29 12:19:45.1442 [WARNING] Destroying duplicate sfGuidList in scene Menu
2025-01-29 12:19:46.1168 [WARNING] Error adding component '#EventOnClick': Could not find type 'EventOnClick'.
2025-01-29 12:19:46.1386 [WARNING] Error adding component '#MainMenu': Could not find type 'MainMenu'.
2025-01-29 12:19:50.3115 [WARNING] Destroying duplicate sfGuidList in scene Menu
2025-01-29 12:19:51.2967 [WARNING] Error adding component '#EventOnClick': Could not find type 'EventOnClick'.
2025-01-29 12:19:51.3164 [WARNING] Error adding component '#MainMenu': Could not find type 'MainMenu'.
2025-01-29 12:19:55.3757 [WARNING] Destroying duplicate sfGuidList in scene Menu
2025-01-29 12:19:56.3613 [WARNING] Error adding component '#EventOnClick': Could not find type 'EventOnClick'.
2025-01-29 12:19:56.3814 [WARNING] Error adding component '#MainMenu': Could not find type 'MainMenu'.
2025-01-29 12:20:00.5802 [WARNING] Destroying duplicate sfGuidList in scene Menu
2025-01-29 12:20:01.5559 [WARNING] Error adding component '#EventOnClick': Could not find type 'EventOnClick'.
2025-01-29 12:20:01.5760 [WARNING] Error adding component '#MainMenu': Could not find type 'MainMenu'.
