2025-01-28 11:47:46.5405 [INFO; Root]  KinematicSoup Technologies Inc.
2025-01-28 11:47:46.5457 [INFO; Root]  Scene Fusion Server 2.0.3asl
2025-01-28 11:47:46.5748 [DEBUG; Root]  Loading Asset Scripts
2025-01-28 11:47:46.5767 [DEBUG; Root]  Loading Room Configs
2025-01-28 11:47:46.5782 [DEBUG; Root]  Loading entity prefabs
2025-01-28 11:47:46.5783 [DEBUG; Root]  Loading entity instances
2025-01-28 11:47:46.5786 [DEBUG; Root]  Initializing scripts
2025-01-28 11:47:46.5890 [INFO; Root]  Loading config.json
2025-01-28 11:47:46.5892 [INFO; Root]  ProjectId: 1
2025-01-28 11:47:46.5892 [INFO; Root]  Tier: SF Unity LAN
2025-01-28 11:47:46.5892 [INFO; Root]  Terrain Editing: True
2025-01-28 11:47:46.5892 [INFO; Root]  Object Limit: Unlimited
2025-01-28 11:47:46.6446 [DEBUG; Root]  Room setup complete
2025-01-28 11:47:46.6451 [INFO;  .⁋]  Starting room 0
2025-01-28 11:47:46.6451 [INFO; Root]  Sending client updates every 6 frames
2025-01-28 11:47:46.6452 [INFO; Root]  Setting player limit to 2
2025-01-28 11:47:46.6452 [INFO; Root]  Opening TCP port 8000
2025-01-28 11:47:48.1531 [INFO; Root]  Client(id = 1, address = 127.0.0.1:53248) connected
2025-01-28 11:47:48.1573 [DEBUG; Root]  Client(id = 1, address = 127.0.0.1:53248) model validated
2025-01-28 11:47:48.1766 [DEBUG; Root]  Client(id = 1, address = 127.0.0.1:53248) authenticated
2025-01-28 11:47:48.1961 [INFO; KS.SceneFusion2.Server.srAuthenticationManager]  Connection [account = Jacob Barry, address = 127.0.0.1]
2025-01-28 11:47:48.6490 [DEBUG; KS.SceneFusion2.Server.srObjectManager]  Created 1 object(s).
Total: 80 B (1), SceneSubscriptions: 41 B (1), String Table: 39 B
2025-01-28 11:47:48.6502 [DEBUG; KS.SceneFusion2.Server.srObjectManager]  Created 1 object(s).
Total: 105 B (2), String Table: 48 B, SceneSubscriptions: 41 B (1), SceneLock: 16 B (1)
2025-01-28 11:47:48.6507 [DEBUG; KS.SceneFusion2.Server.srObjectManager]  Created 1 object(s).
Total: 362 B (3), Avatar: 174 B (1), String Table: 131 B, SceneSubscriptions: 41 B (1), SceneLock: 16 B (1)
2025-01-28 11:47:53.9835 [DEBUG; KS.SceneFusion2.Server.srObjectManager]  Created 1 object(s).
Total: 553 B (4), String Table: 252 B, Avatar: 174 B (1), SceneSubscriptions: 57 B (1), AssetPath: 54 B (1), SceneLock: 16 B (1)
2025-01-28 11:47:53.9836 [DEBUG; KS.SceneFusion2.Server.srObjectManager]  Created 1 object(s).
Total: 649 B (5), String Table: 294 B, Avatar: 174 B (1), AssetPath: 108 B (2), SceneSubscriptions: 57 B (1), SceneLock: 16 B (1)
2025-01-28 11:47:53.9836 [DEBUG; KS.SceneFusion2.Server.srObjectManager]  Created 1 object(s).
Total: 768 B (6), String Table: 359 B, Avatar: 174 B (1), AssetPath: 162 B (3), SceneSubscriptions: 57 B (1), SceneLock: 16 B (1)
2025-01-28 11:47:53.9836 [DEBUG; KS.SceneFusion2.Server.srObjectManager]  Created 1 object(s).
Total: 923 B (7), String Table: 474 B, AssetPath: 202 B (4), Avatar: 174 B (1), SceneSubscriptions: 57 B (1), SceneLock: 16 B (1)
2025-01-28 11:47:53.9837 [DEBUG; KS.SceneFusion2.Server.srObjectManager]  Created 1 object(s).
Total: 1 kB (8), String Table: 502 B, AssetPath: 256 B (5), Avatar: 174 B (1), SceneSubscriptions: 57 B (1), SceneLock: 16 B (1)
2025-01-28 11:47:53.9837 [DEBUG; KS.SceneFusion2.Server.srObjectManager]  Created 1 object(s).
Total: 1.17 kB (9), String Table: 616 B, AssetPath: 310 B (6), Avatar: 174 B (1), SceneSubscriptions: 57 B (1), SceneLock: 16 B (1)
2025-01-28 11:47:53.9840 [DEBUG; KS.SceneFusion2.Server.srObjectManager]  Created 1 object(s).
Total: 4.7 kB (10), Asset: 2.5 kB (1), String Table: 1.65 kB, AssetPath: 310 B (6), Avatar: 174 B (1), SceneSubscriptions: 57 B (1), SceneLock: 16 B (1)
2025-01-28 11:47:53.9840 [DEBUG; KS.SceneFusion2.Server.srObjectManager]  Created 1 object(s).
Total: 4.82 kB (11), Asset: 2.5 kB (1), String Table: 1.71 kB, AssetPath: 364 B (7), Avatar: 174 B (1), SceneSubscriptions: 57 B (1), SceneLock: 16 B (1)
2025-01-28 11:47:53.9841 [DEBUG; KS.SceneFusion2.Server.srObjectManager]  Created 1 object(s).
Total: 7.41 kB (12), Asset: 5.01 kB (2), String Table: 1.78 kB, AssetPath: 364 B (7), Avatar: 174 B (1), SceneSubscriptions: 57 B (1), SceneLock: 16 B (1)
2025-01-28 11:47:53.9841 [DEBUG; KS.SceneFusion2.Server.srObjectManager]  Created 1 object(s).
Total: 7.47 kB (13), Asset: 5.01 kB (2), String Table: 1.8 kB, AssetPath: 418 B (8), Avatar: 174 B (1), SceneSubscriptions: 57 B (1), SceneLock: 16 B (1)
2025-01-28 11:47:53.9842 [DEBUG; KS.SceneFusion2.Server.srObjectManager]  Created 1 object(s).
Total: 10 kB (14), Asset: 7.51 kB (3), String Table: 1.87 kB, AssetPath: 418 B (8), Avatar: 174 B (1), SceneSubscriptions: 57 B (1), SceneLock: 16 B (1)
2025-01-28 11:47:53.9843 [DEBUG; KS.SceneFusion2.Server.srObjectManager]  Created 1 object(s).
Total: 10.2 kB (15), Asset: 7.51 kB (3), String Table: 1.95 kB, AssetPath: 472 B (9), Avatar: 174 B (1), SceneSubscriptions: 57 B (1), SceneLock: 16 B (1)
2025-01-28 11:47:53.9843 [DEBUG; KS.SceneFusion2.Server.srObjectManager]  Created 1 object(s).
Total: 10.4 kB (16), Asset: 7.51 kB (3), String Table: 2.06 kB, AssetPath: 550 B (10), Avatar: 174 B (1), SceneSubscriptions: 57 B (1), SceneLock: 16 B (1)
2025-01-28 11:47:53.9844 [DEBUG; KS.SceneFusion2.Server.srObjectManager]  Created 1 object(s).
Total: 12.4 kB (17), Asset: 9.05 kB (4), String Table: 2.52 kB, AssetPath: 550 B (10), Avatar: 174 B (1), SceneSubscriptions: 57 B (1), SceneLock: 16 B (1)
2025-01-28 11:47:53.9844 [DEBUG; KS.SceneFusion2.Server.srObjectManager]  Created 1 object(s).
Total: 12.4 kB (18), Asset: 9.05 kB (4), String Table: 2.54 kB, AssetPath: 590 B (11), Avatar: 174 B (1), SceneSubscriptions: 57 B (1), SceneLock: 16 B (1)
2025-01-28 11:47:53.9845 [DEBUG; KS.SceneFusion2.Server.srObjectManager]  Created 1 object(s).
Total: 15 kB (19), Asset: 11.5 kB (5), String Table: 2.6 kB, AssetPath: 590 B (11), Avatar: 174 B (1), SceneSubscriptions: 57 B (1), SceneLock: 16 B (1)
2025-01-28 11:47:53.9845 [DEBUG; KS.SceneFusion2.Server.srObjectManager]  Created 1 object(s).
Total: 15.1 kB (20), Asset: 11.5 kB (5), String Table: 2.66 kB, AssetPath: 644 B (12), Avatar: 174 B (1), SceneSubscriptions: 57 B (1), SceneLock: 16 B (1)
2025-01-28 11:47:53.9847 [DEBUG; KS.SceneFusion2.Server.srObjectManager]  Created 1 object(s).
Total: 17.7 kB (21), Asset: 14.1 kB (6), String Table: 2.72 kB, AssetPath: 644 B (12), Avatar: 174 B (1), SceneSubscriptions: 57 B (1), SceneLock: 16 B (1)
2025-01-28 11:47:53.9847 [DEBUG; KS.SceneFusion2.Server.srObjectManager]  Created 1 object(s).
Total: 17.8 kB (22), Asset: 14.1 kB (6), String Table: 2.84 kB, AssetPath: 684 B (13), Avatar: 174 B (1), SceneSubscriptions: 57 B (1), SceneLock: 16 B (1)
2025-01-28 11:47:53.9847 [DEBUG; KS.SceneFusion2.Server.srObjectManager]  Created 1 object(s).
Total: 18 kB (23), Asset: 14.1 kB (6), String Table: 2.93 kB, AssetPath: 759 B (14), Avatar: 174 B (1), SceneSubscriptions: 57 B (1), SceneLock: 16 B (1)
2025-01-28 11:47:53.9847 [DEBUG; KS.SceneFusion2.Server.srObjectManager]  Created 1 object(s).
Total: 18.1 kB (24), Asset: 14.1 kB (6), String Table: 3 kB, AssetPath: 834 B (15), Avatar: 174 B (1), SceneSubscriptions: 57 B (1), SceneLock: 16 B (1)
2025-01-28 11:47:53.9847 [DEBUG; KS.SceneFusion2.Server.srObjectManager]  Created 1 object(s).
Total: 18.3 kB (25), Asset: 14.1 kB (6), String Table: 3.07 kB, AssetPath: 909 B (16), Avatar: 174 B (1), SceneSubscriptions: 57 B (1), SceneLock: 16 B (1)
2025-01-28 11:47:53.9848 [DEBUG; KS.SceneFusion2.Server.srObjectManager]  Created 1 object(s).
Total: 18.4 kB (26), Asset: 14.1 kB (6), String Table: 3.14 kB, AssetPath: 984 B (17), Avatar: 174 B (1), SceneSubscriptions: 57 B (1), SceneLock: 16 B (1)
2025-01-28 11:47:53.9848 [DEBUG; KS.SceneFusion2.Server.srObjectManager]  Created 1 object(s).
Total: 18.6 kB (27), Asset: 14.1 kB (6), String Table: 3.21 kB, AssetPath: 1.06 kB (18), Avatar: 174 B (1), SceneSubscriptions: 57 B (1), SceneLock: 16 B (1)
2025-01-28 11:47:53.9848 [DEBUG; KS.SceneFusion2.Server.srObjectManager]  Created 1 object(s).
Total: 18.7 kB (28), Asset: 14.1 kB (6), String Table: 3.28 kB, AssetPath: 1.13 kB (19), Avatar: 174 B (1), SceneSubscriptions: 57 B (1), SceneLock: 16 B (1)
2025-01-28 11:47:53.9848 [DEBUG; KS.SceneFusion2.Server.srObjectManager]  Created 1 object(s).
Total: 18.9 kB (29), Asset: 14.1 kB (6), String Table: 3.34 kB, AssetPath: 1.21 kB (20), Avatar: 174 B (1), SceneSubscriptions: 57 B (1), SceneLock: 16 B (1)
2025-01-28 11:47:53.9849 [DEBUG; KS.SceneFusion2.Server.srObjectManager]  Created 1 object(s).
Total: 21.4 kB (30), Asset: 16.6 kB (7), String Table: 3.41 kB, AssetPath: 1.21 kB (20), Avatar: 174 B (1), SceneSubscriptions: 57 B (1), SceneLock: 16 B (1)
2025-01-28 11:47:53.9850 [DEBUG; KS.SceneFusion2.Server.srObjectManager]  Created 1 object(s).
Total: 21.5 kB (31), Asset: 16.6 kB (7), String Table: 3.42 kB, AssetPath: 1.26 kB (21), Avatar: 174 B (1), SceneSubscriptions: 57 B (1), SceneLock: 16 B (1)
2025-01-28 11:47:53.9851 [DEBUG; KS.SceneFusion2.Server.srObjectManager]  Created 1 object(s).
Total: 24.1 kB (32), Asset: 19.1 kB (8), String Table: 3.49 kB, AssetPath: 1.26 kB (21), Avatar: 174 B (1), SceneSubscriptions: 57 B (1), SceneLock: 16 B (1)
2025-01-28 11:47:53.9852 [DEBUG; KS.SceneFusion2.Server.srObjectManager]  Created 1 object(s).
Total: 26.6 kB (33), Asset: 21.6 kB (9), String Table: 3.55 kB, AssetPath: 1.26 kB (21), Avatar: 174 B (1), SceneSubscriptions: 57 B (1), SceneLock: 16 B (1)
2025-01-28 11:47:53.9854 [DEBUG; KS.SceneFusion2.Server.srObjectManager]  Created 1 object(s).
Total: 29.2 kB (34), Asset: 24.1 kB (10), String Table: 3.62 kB, AssetPath: 1.26 kB (21), Avatar: 174 B (1), SceneSubscriptions: 57 B (1), SceneLock: 16 B (1)
2025-01-28 11:47:53.9855 [DEBUG; KS.SceneFusion2.Server.srObjectManager]  Created 1 object(s).
Total: 31.7 kB (35), Asset: 26.5 kB (11), String Table: 3.68 kB, AssetPath: 1.26 kB (21), Avatar: 174 B (1), SceneSubscriptions: 57 B (1), SceneLock: 16 B (1)
2025-01-28 11:47:53.9856 [DEBUG; KS.SceneFusion2.Server.srObjectManager]  Created 1 object(s).
Total: 34.3 kB (36), Asset: 29 kB (12), String Table: 3.75 kB, AssetPath: 1.26 kB (21), Avatar: 174 B (1), SceneSubscriptions: 57 B (1), SceneLock: 16 B (1)
2025-01-28 11:47:53.9856 [DEBUG; KS.SceneFusion2.Server.srObjectManager]  Created 1 object(s).
Total: 34.4 kB (37), Asset: 29 kB (12), String Table: 3.79 kB, AssetPath: 1.32 kB (22), Avatar: 174 B (1), SceneSubscriptions: 57 B (1), SceneLock: 16 B (1)
2025-01-28 11:47:53.9856 [DEBUG; KS.SceneFusion2.Server.srObjectManager]  Created 1 object(s).
Total: 34.5 kB (38), Asset: 29 kB (12), String Table: 3.8 kB, AssetPath: 1.37 kB (23), Avatar: 174 B (1), SceneSubscriptions: 57 B (1), SceneLock: 16 B (1)
2025-01-28 11:47:53.9857 [DEBUG; KS.SceneFusion2.Server.srObjectManager]  Created 1 object(s).
Total: 34.6 kB (39), Asset: 29 kB (12), String Table: 3.83 kB, AssetPath: 1.44 kB (24), Avatar: 174 B (1), SceneSubscriptions: 57 B (1), SceneLock: 16 B (1)
2025-01-28 11:47:53.9857 [DEBUG; KS.SceneFusion2.Server.srObjectManager]  Created 1 object(s).
Total: 34.6 kB (40), Asset: 29 kB (12), String Table: 3.83 kB, AssetPath: 1.51 kB (25), Avatar: 174 B (1), SceneSubscriptions: 57 B (1), SceneLock: 16 B (1)
2025-01-28 11:47:53.9857 [DEBUG; KS.SceneFusion2.Server.srObjectManager]  Created 1 object(s).
Total: 34.7 kB (41), Asset: 29 kB (12), String Table: 3.83 kB, AssetPath: 1.58 kB (26), Avatar: 174 B (1), SceneSubscriptions: 57 B (1), SceneLock: 16 B (1)
2025-01-28 11:47:53.9857 [DEBUG; KS.SceneFusion2.Server.srObjectManager]  Created 1 object(s).
Total: 34.8 kB (42), Asset: 29 kB (12), String Table: 3.83 kB, AssetPath: 1.65 kB (27), Avatar: 174 B (1), SceneSubscriptions: 57 B (1), SceneLock: 16 B (1)
2025-01-28 11:47:53.9858 [DEBUG; KS.SceneFusion2.Server.srObjectManager]  Created 1 object(s).
Total: 34.8 kB (43), Asset: 29 kB (12), String Table: 3.83 kB, AssetPath: 1.73 kB (28), Avatar: 174 B (1), SceneSubscriptions: 57 B (1), SceneLock: 16 B (1)
2025-01-28 11:47:53.9858 [DEBUG; KS.SceneFusion2.Server.srObjectManager]  Created 1 object(s).
Total: 35 kB (44), Asset: 29 kB (12), String Table: 3.89 kB, AssetPath: 1.8 kB (29), Avatar: 174 B (1), SceneSubscriptions: 57 B (1), SceneLock: 16 B (1)
2025-01-28 11:47:53.9858 [DEBUG; KS.SceneFusion2.Server.srObjectManager]  Created 1 object(s).
Total: 35.1 kB (45), Asset: 29 kB (12), String Table: 3.96 kB, AssetPath: 1.87 kB (30), Avatar: 174 B (1), SceneSubscriptions: 57 B (1), SceneLock: 16 B (1)
2025-01-28 11:47:53.9858 [DEBUG; KS.SceneFusion2.Server.srObjectManager]  Created 1 object(s).
Total: 35.3 kB (46), Asset: 29 kB (12), String Table: 4.03 kB, AssetPath: 1.94 kB (31), Avatar: 174 B (1), SceneSubscriptions: 57 B (1), SceneLock: 16 B (1)
2025-01-28 11:47:53.9858 [DEBUG; KS.SceneFusion2.Server.srObjectManager]  Created 1 object(s).
Total: 35.4 kB (47), Asset: 29 kB (12), String Table: 4.1 kB, AssetPath: 2.01 kB (32), Avatar: 174 B (1), SceneSubscriptions: 57 B (1), SceneLock: 16 B (1)
2025-01-28 11:47:53.9858 [DEBUG; KS.SceneFusion2.Server.srObjectManager]  Created 1 object(s).
Total: 35.5 kB (48), Asset: 29 kB (12), String Table: 4.17 kB, AssetPath: 2.08 kB (33), Avatar: 174 B (1), SceneSubscriptions: 57 B (1), SceneLock: 16 B (1)
2025-01-28 11:47:53.9858 [DEBUG; KS.SceneFusion2.Server.srObjectManager]  Created 1 object(s).
Total: 35.7 kB (49), Asset: 29 kB (12), String Table: 4.24 kB, AssetPath: 2.15 kB (34), Avatar: 174 B (1), SceneSubscriptions: 57 B (1), SceneLock: 16 B (1)
2025-01-28 11:47:53.9859 [DEBUG; KS.SceneFusion2.Server.srObjectManager]  Created 1 object(s).
Total: 35.8 kB (50), Asset: 29 kB (12), String Table: 4.3 kB, AssetPath: 2.22 kB (35), Avatar: 174 B (1), SceneSubscriptions: 57 B (1), SceneLock: 16 B (1)
2025-01-28 11:47:53.9860 [DEBUG; KS.SceneFusion2.Server.srObjectManager]  Created 1 object(s).
Total: 39 kB (51), Asset: 32 kB (13), String Table: 4.52 kB, AssetPath: 2.22 kB (35), Avatar: 174 B (1), SceneSubscriptions: 57 B (1), SceneLock: 16 B (1)
2025-01-28 11:47:53.9860 [DEBUG; KS.SceneFusion2.Server.srObjectManager]  Created 1 object(s).
Total: 39.1 kB (52), Asset: 32 kB (13), String Table: 4.6 kB, AssetPath: 2.28 kB (36), Avatar: 174 B (1), SceneSubscriptions: 57 B (1), SceneLock: 16 B (1)
2025-01-28 11:47:53.9860 [DEBUG; KS.SceneFusion2.Server.srObjectManager]  Created 1 object(s).
Total: 39.2 kB (53), Asset: 32 kB (13), String Table: 4.66 kB, AssetPath: 2.33 kB (37), Avatar: 174 B (1), SceneSubscriptions: 57 B (1), SceneLock: 16 B (1)
2025-01-28 11:47:53.9861 [DEBUG; KS.SceneFusion2.Server.srObjectManager]  Created 1 object(s).
Total: 41.8 kB (54), Asset: 34.5 kB (14), String Table: 4.72 kB, AssetPath: 2.33 kB (37), Avatar: 174 B (1), SceneSubscriptions: 57 B (1), SceneLock: 16 B (1)
2025-01-28 11:47:53.9862 [DEBUG; KS.SceneFusion2.Server.srObjectManager]  Created 1 object(s).
Total: 41.9 kB (55), Asset: 34.5 kB (14), String Table: 4.78 kB, AssetPath: 2.38 kB (38), Avatar: 174 B (1), SceneSubscriptions: 57 B (1), SceneLock: 16 B (1)
2025-01-28 11:47:53.9862 [DEBUG; KS.SceneFusion2.Server.srObjectManager]  Created 1 object(s).
Total: 42 kB (56), Asset: 34.5 kB (14), String Table: 4.84 kB, AssetPath: 2.44 kB (39), Avatar: 174 B (1), SceneSubscriptions: 57 B (1), SceneLock: 16 B (1)
2025-01-28 11:47:53.9862 [DEBUG; KS.SceneFusion2.Server.srObjectManager]  Created 1 object(s).
Total: 42.1 kB (57), Asset: 34.5 kB (14), String Table: 4.86 kB, AssetPath: 2.49 kB (40), Avatar: 174 B (1), SceneSubscriptions: 57 B (1), SceneLock: 16 B (1)
2025-01-28 11:47:53.9863 [DEBUG; KS.SceneFusion2.Server.srObjectManager]  Created 1 object(s).
Total: 44.7 kB (58), Asset: 37 kB (15), String Table: 4.92 kB, AssetPath: 2.49 kB (40), Avatar: 174 B (1), SceneSubscriptions: 57 B (1), SceneLock: 16 B (1)
2025-01-28 11:47:53.9863 [DEBUG; KS.SceneFusion2.Server.srObjectManager]  Created 1 object(s).
Total: 44.8 kB (59), Asset: 37 kB (15), String Table: 5 kB, AssetPath: 2.55 kB (41), Avatar: 174 B (1), SceneSubscriptions: 57 B (1), SceneLock: 16 B (1)
2025-01-28 11:47:53.9863 [DEBUG; KS.SceneFusion2.Server.srObjectManager]  Created 1 object(s).
Total: 44.9 kB (60), Asset: 37 kB (15), String Table: 5.06 kB, AssetPath: 2.6 kB (42), Avatar: 174 B (1), SceneSubscriptions: 57 B (1), SceneLock: 16 B (1)
2025-01-28 11:47:53.9864 [DEBUG; KS.SceneFusion2.Server.srObjectManager]  Created 1 object(s).
Total: 47.6 kB (61), Asset: 39.6 kB (16), String Table: 5.18 kB, AssetPath: 2.6 kB (42), Avatar: 174 B (1), SceneSubscriptions: 57 B (1), SceneLock: 16 B (1)
2025-01-28 11:47:54.1123 [DEBUG; KS.SceneFusion2.Server.srObjectManager]  Created 40981 object(s).
Total: 1.8 MB (41042), GameObject: 1.03 MB (14764), Component: 714 kB (26212), Asset: 39.6 kB (16), String Table: 13.8 kB, AssetPath: 2.6 kB (42), LightmapSettings: 782 B (1), RenderSettings: 466 B (1), Avatar: 174 B (1), OcclusionSettings: 67 B (1), SceneSubscriptions: 57 B (1), Scene: 24 B (1), SceneLock: 16 B (1), Hierarchy: 16 B (1)
2025-01-28 11:48:17.1657 [INFO; Root]  Client(id = 2, address = 10.133.5.81:64430) connected
2025-01-28 11:48:17.1691 [DEBUG; Root]  Client(id = 2, address = 10.133.5.81:64430) model validated
2025-01-28 11:48:17.1723 [DEBUG; Root]  Client(id = 2, address = 10.133.5.81:64430) authenticated
2025-01-28 11:48:17.1735 [INFO; KS.SceneFusion2.Server.srAuthenticationManager]  Connection [account = Damien Dynes, address = 10.133.5.81]
2025-01-28 11:48:17.8581 [DEBUG; KS.SceneFusion2.Server.srObjectManager]  Created 1 object(s).
Total: 1.8 MB (41043), GameObject: 1.03 MB (14764), Component: 714 kB (26212), Asset: 39.6 kB (16), String Table: 13.8 kB, AssetPath: 2.6 kB (42), LightmapSettings: 782 B (1), RenderSettings: 466 B (1), Avatar: 174 B (1), SceneSubscriptions: 98 B (2), OcclusionSettings: 67 B (1), Scene: 24 B (1), SceneLock: 16 B (1), Hierarchy: 16 B (1)
2025-01-28 11:48:17.8584 [DEBUG; KS.SceneFusion2.Server.srObjectManager]  Created 1 object(s).
Total: 1.8 MB (41044), GameObject: 1.03 MB (14764), Component: 714 kB (26212), Asset: 39.6 kB (16), String Table: 13.9 kB, AssetPath: 2.6 kB (42), LightmapSettings: 782 B (1), RenderSettings: 466 B (1), Avatar: 348 B (2), SceneSubscriptions: 98 B (2), OcclusionSettings: 67 B (1), Scene: 24 B (1), SceneLock: 16 B (1), Hierarchy: 16 B (1)
2025-01-28 11:49:39.8540 [DEBUG; KS.SceneFusion2.Server.srObjectManager]  Created 1 object(s).
Total: 1.8 MB (41045), GameObject: 1.03 MB (14764), Component: 714 kB (26212), Asset: 39.6 kB (16), String Table: 13.9 kB, AssetPath: 2.6 kB (42), Prefab: 1.08 kB (1), LightmapSettings: 782 B (1), RenderSettings: 466 B (1), Avatar: 348 B (2), SceneSubscriptions: 114 B (2), OcclusionSettings: 67 B (1), Scene: 24 B (1), SceneLock: 16 B (1), Hierarchy: 16 B (1)
2025-01-28 11:50:21.1926 [INFO; Root]  Client(id = 1, address = 127.0.0.1:53248) disconnected: 2-End of file
2025-01-28 11:50:21.2061 [INFO; KS.SceneFusion2.Server.srAuthenticationManager]  Disconnection [account = Jacob Barry, address = 127.0.0.1]
2025-01-28 11:50:21.2470 [DEBUG; KS.SceneFusion2.Server.srObjectManager]  Deleted 2 object(s).
Total: 1.8 MB (41043), GameObject: 1.03 MB (14764), Component: 714 kB (26212), Asset: 39.6 kB (16), String Table: 13.9 kB, AssetPath: 2.6 kB (42), Prefab: 1.08 kB (1), LightmapSettings: 782 B (1), RenderSettings: 466 B (1), Avatar: 174 B (1), OcclusionSettings: 67 B (1), SceneSubscriptions: 57 B (1), Scene: 24 B (1), SceneLock: 16 B (1), Hierarchy: 16 B (1)
2025-01-28 11:50:28.0833 [INFO; Root]  Client(id = 2, address = 10.133.5.81:64430) disconnected: 2-End of file
2025-01-28 11:50:28.0851 [INFO; KS.SceneFusion2.Server.srAuthenticationManager]  Disconnection [account = Damien Dynes, address = 10.133.5.81]
2025-01-28 11:50:28.0995 [DEBUG; KS.SceneFusion2.Server.srObjectManager]  Deleted 2 object(s).
Total: 1.8 MB (41041), GameObject: 1.03 MB (14764), Component: 714 kB (26212), Asset: 39.6 kB (16), String Table: 13.9 kB, AssetPath: 2.6 kB (42), Prefab: 1.08 kB (1), LightmapSettings: 782 B (1), RenderSettings: 466 B (1), OcclusionSettings: 67 B (1), Scene: 24 B (1), SceneLock: 16 B (1), Hierarchy: 16 B (1)
2025-01-28 11:50:28.0996 [INFO; KS.SceneFusion2.Server.srAuthenticationManager]  Shutting down because no users are connected.
2025-01-28 11:50:28.1024 [INFO;  .⁋]  Stopping room 0
2025-01-28 11:50:28.1031 [DEBUG; KS.SceneFusion2.Server.srAnalytics]  Sending analytics data...
2025-01-28 11:50:28.3997 [DEBUG; KS.SceneFusion2.Server.srAnalytics]  Analytics event recorded succesfully.
2025-01-28 11:50:31.5689 [INFO; Root]  Closing TCP port 8000
